<?xml version="1.0" encoding="UTF-8"?>
<testng-results ignored="0" total="1" passed="1" failed="0" skipped="0">
  <reporter-output>
    <line>
      <![CDATA[<div "result">Open chrome browser and enter url (PASSED : 22s)</div>]]>
    </line>
    <line>
      <![CDATA[<div "result">Enter search creteria (PASSED : 2s)</div>]]>
    </line>
    <line>
      <![CDATA[<div "result">Click on search button (PASSED : 4s)</div>]]>
    </line>
  </reporter-output>
  <suite started-at="2022-03-17T19:17:16Z" name="Suite" finished-at="2022-03-17T19:17:46Z" duration-ms="30194">
    <groups>
    </groups>
    <test started-at="2022-03-17T19:17:16Z" name="Test" finished-at="2022-03-17T19:17:46Z" duration-ms="30194">
      <class name="com.testautomation.TestRunner.TestRunner">
        <test-method is-config="true" signature="setUpClass()[pri:0, instance:com.testautomation.TestRunner.TestRunner@1e44b638]" started-at="2022-03-17T19:17:16Z" name="setUpClass" finished-at="2022-03-17T19:17:16Z" duration-ms="595" status="PASS">
          <reporter-output>
          </reporter-output>
        </test-method> <!-- setUpClass -->
        <test-method signature="feature(cucumber.api.testng.PickleEventWrapper, cucumber.api.testng.CucumberFeatureWrapper)[pri:0, instance:com.testautomation.TestRunner.TestRunner@1e44b638]" started-at="2022-03-17T19:17:17Z" name="feature" data-provider="features" finished-at="2022-03-17T19:17:46Z" duration-ms="29233" status="PASS">
          <params>
            <param index="0">
              <value>
                <![CDATA["Youtube Search possitive scenarios"]]>
              </value>
            </param>
            <param index="1">
              <value>
                <![CDATA["Yotube Search validations"]]>
              </value>
            </param>
          </params>
          <reporter-output>
            <line>
              <![CDATA[<div "result">Open chrome browser and enter url (PASSED : 22s)</div>]]>
            </line>
            <line>
              <![CDATA[<div "result">Enter search creteria (PASSED : 2s)</div>]]>
            </line>
            <line>
              <![CDATA[<div "result">Click on search button (PASSED : 4s)</div>]]>
            </line>
          </reporter-output>
        </test-method> <!-- feature -->
        <test-method is-config="true" signature="tearDownClass()[pri:0, instance:com.testautomation.TestRunner.TestRunner@1e44b638]" started-at="2022-03-17T19:17:46Z" name="tearDownClass" finished-at="2022-03-17T19:17:46Z" duration-ms="8" status="PASS">
          <reporter-output>
          </reporter-output>
        </test-method> <!-- tearDownClass -->
      </class> <!-- com.testautomation.TestRunner.TestRunner -->
    </test> <!-- Test -->
  </suite> <!-- Suite -->
</testng-results>
